#
# There is insufficient memory for the Java Runtime Environment to continue.
# Native memory allocation (malloc) failed to allocate 65552 bytes for Chunk::new
# Possible reasons:
#   The system is out of physical RAM or swap space
#   The process is running with CompressedOops enabled, and the Java Heap may be blocking the growth of the native heap
# Possible solutions:
#   Reduce memory load on the system
#   Increase physical memory or swap space
#   Check if swap backing store is full
#   Decrease Java heap size (-Xmx/-Xms)
#   Decrease number of Java threads
#   Decrease Java thread stack sizes (-Xss)
#   Set larger code cache with -XX:ReservedCodeCacheSize=
#   JVM is running with Unscaled Compressed Oops mode in which the Java heap is
#     placed in the first 4GB address space. The Java Heap base address is the
#     maximum limit for the native heap growth. Please use -XX:HeapBaseMinAddress
#     to set the Java Heap base and to place the Java Heap above 4GB virtual address.
# This output file may be truncated or incomplete.
#
#  Out of Memory Error (allocation.cpp:389), pid=26756, tid=0x00000000000066c8
#
# JRE version: OpenJDK Runtime Environment (8.0_242-b01) (build 1.8.0_242-release-1644-b01)
# Java VM: OpenJDK 64-Bit Server VM (25.242-b01 mixed mode windows-amd64 compressed oops)
# Failed to write core dump. Minidumps are not enabled by default on client versions of Windows
#

---------------  T H R E A D  ---------------

Current thread (0x00000000197fd800):  JavaThread "C2 CompilerThread1" daemon [_thread_in_native, id=26312, stack(0x000000001af40000,0x000000001b040000)]

Stack: [0x000000001af40000,0x000000001b040000]
[error occurred during error reporting (printing stack bounds), id 0xc0000005]

Native frames: (J=compiled Java code, j=interpreted, Vv=VM code, C=native code)


Current CompileTask:
C2:   7596 4599       4       java.lang.Class::privateGetMethodRecursive (130 bytes)


---------------  P R O C E S S  ---------------

Java Threads: ( => current thread )
  0x00000000208d7000 JavaThread "pool-1-thread-1" [_thread_blocked, id=724, stack(0x000000002bda0000,0x000000002bea0000)]
  0x00000000208d6000 JavaThread "Cache worker for Build Output Cleanup Cache (C:\Users\akros\Documents\Lottery_app\.gradle\buildOutputCleanup)" [_thread_blocked, id=24676, stack(0x000000002b820000,0x000000002b920000)]
  0x00000000208d8800 JavaThread "jar transforms Thread 92" [_thread_blocked, id=4708, stack(0x000000002b720000,0x000000002b820000)]
  0x00000000208d9000 JavaThread "jar transforms Thread 91" [_thread_blocked, id=2364, stack(0x000000002b620000,0x000000002b720000)]
  0x00000000208d2800 JavaThread "jar transforms Thread 90" [_thread_blocked, id=9732, stack(0x000000002b520000,0x000000002b620000)]
  0x00000000208d7800 JavaThread "jar transforms Thread 89" [_thread_blocked, id=15884, stack(0x000000002b420000,0x000000002b520000)]
  0x000000001d2fb800 JavaThread "jar transforms Thread 88" [_thread_blocked, id=12376, stack(0x000000002b320000,0x000000002b420000)]
  0x000000001d2f9800 JavaThread "jar transforms Thread 87" [_thread_blocked, id=6440, stack(0x000000002b220000,0x000000002b320000)]
  0x000000001d2fb000 JavaThread "jar transforms Thread 86" [_thread_blocked, id=14272, stack(0x000000002b120000,0x000000002b220000)]
  0x000000001d2f7000 JavaThread "jar transforms Thread 85" [_thread_blocked, id=24936, stack(0x000000002b020000,0x000000002b120000)]
  0x000000001d2fc800 JavaThread "jar transforms Thread 84" [_thread_blocked, id=15472, stack(0x000000002af20000,0x000000002b020000)]
  0x000000001d2f6800 JavaThread "jar transforms Thread 83" [_thread_blocked, id=13872, stack(0x000000002ae20000,0x000000002af20000)]
  0x000000001d2fa000 JavaThread "jar transforms Thread 82" [_thread_blocked, id=19356, stack(0x000000002ad20000,0x000000002ae20000)]
  0x000000001d2f8800 JavaThread "jar transforms Thread 81" [_thread_blocked, id=5644, stack(0x000000002ac20000,0x000000002ad20000)]
  0x000000001d2f2000 JavaThread "jar transforms Thread 80" [_thread_blocked, id=16320, stack(0x000000002ab20000,0x000000002ac20000)]
  0x000000001d2f8000 JavaThread "jar transforms Thread 79" [_thread_blocked, id=6992, stack(0x000000002aa20000,0x000000002ab20000)]
  0x000000001d2f5800 JavaThread "jar transforms Thread 78" [_thread_blocked, id=14804, stack(0x000000002a920000,0x000000002aa20000)]
  0x000000001d2f2800 JavaThread "jar transforms Thread 77" [_thread_blocked, id=19668, stack(0x000000002a820000,0x000000002a920000)]
  0x000000001d2ee000 JavaThread "jar transforms Thread 76" [_thread_blocked, id=17840, stack(0x000000002a720000,0x000000002a820000)]
  0x000000001d2f0800 JavaThread "jar transforms Thread 75" [_thread_blocked, id=9356, stack(0x000000002a620000,0x000000002a720000)]
  0x000000001d2f1000 JavaThread "jar transforms Thread 74" [_thread_blocked, id=14900, stack(0x000000002a520000,0x000000002a620000)]
  0x000000001d2f5000 JavaThread "jar transforms Thread 73" [_thread_blocked, id=1296, stack(0x000000002a420000,0x000000002a520000)]
  0x000000001d2ed800 JavaThread "jar transforms Thread 72" [_thread_blocked, id=24852, stack(0x000000002a320000,0x000000002a420000)]
  0x000000001d2ef800 JavaThread "jar transforms Thread 71" [_thread_blocked, id=24204, stack(0x000000002a220000,0x000000002a320000)]
  0x000000001d2f3800 JavaThread "jar transforms Thread 70" [_thread_blocked, id=19424, stack(0x000000002a120000,0x000000002a220000)]
  0x000000001d2ef000 JavaThread "jar transforms Thread 69" [_thread_blocked, id=17688, stack(0x000000002a020000,0x000000002a120000)]
  0x000000001d2f4000 JavaThread "jar transforms Thread 68" [_thread_blocked, id=6468, stack(0x0000000029f20000,0x000000002a020000)]
  0x00000000211a6000 JavaThread "jar transforms Thread 67" [_thread_blocked, id=12188, stack(0x0000000029e20000,0x0000000029f20000)]
  0x00000000211a5800 JavaThread "jar transforms Thread 66" [_thread_blocked, id=24736, stack(0x0000000029d20000,0x0000000029e20000)]
  0x00000000211a4000 JavaThread "jar transforms Thread 65" [_thread_blocked, id=25228, stack(0x0000000029c20000,0x0000000029d20000)]
  0x00000000211a4800 JavaThread "jar transforms Thread 64" [_thread_blocked, id=13680, stack(0x0000000029b20000,0x0000000029c20000)]
  0x00000000211a3000 JavaThread "jar transforms Thread 63" [_thread_blocked, id=21984, stack(0x0000000029a20000,0x0000000029b20000)]
  0x00000000211a7000 JavaThread "jar transforms Thread 62" [_thread_blocked, id=13472, stack(0x0000000029920000,0x0000000029a20000)]
  0x000000002119b800 JavaThread "jar transforms Thread 61" [_thread_blocked, id=23676, stack(0x0000000029820000,0x0000000029920000)]
  0x00000000211a2800 JavaThread "jar transforms Thread 60" [_thread_blocked, id=22676, stack(0x0000000029720000,0x0000000029820000)]
  0x00000000211a1800 JavaThread "jar transforms Thread 59" [_thread_blocked, id=25388, stack(0x0000000029620000,0x0000000029720000)]
  0x00000000211a1000 JavaThread "jar transforms Thread 58" [_thread_blocked, id=26496, stack(0x0000000029520000,0x0000000029620000)]
  0x00000000211a0000 JavaThread "jar transforms Thread 57" [_thread_blocked, id=23056, stack(0x0000000029420000,0x0000000029520000)]
  0x0000000021198800 JavaThread "jar transforms Thread 56" [_thread_blocked, id=14480, stack(0x0000000029320000,0x0000000029420000)]
  0x000000002119f800 JavaThread "jar transforms Thread 55" [_thread_blocked, id=840, stack(0x0000000029220000,0x0000000029320000)]
  0x0000000021198000 JavaThread "jar transforms Thread 54" [_thread_blocked, id=17524, stack(0x0000000029120000,0x0000000029220000)]
  0x000000002119e000 JavaThread "jar transforms Thread 53" [_thread_blocked, id=14072, stack(0x0000000029020000,0x0000000029120000)]
  0x000000002119e800 JavaThread "jar transforms Thread 52" [_thread_blocked, id=26880, stack(0x0000000028f20000,0x0000000029020000)]
  0x000000002119b000 JavaThread "jar transforms Thread 51" [_thread_blocked, id=13712, stack(0x0000000028e20000,0x0000000028f20000)]
  0x000000002119d000 JavaThread "jar transforms Thread 50" [_thread_blocked, id=15804, stack(0x0000000028d20000,0x0000000028e20000)]
  0x000000002119a000 JavaThread "jar transforms Thread 49" [_thread_blocked, id=20572, stack(0x0000000028c20000,0x0000000028d20000)]
  0x000000002119c800 JavaThread "jar transforms Thread 48" [_thread_blocked, id=23760, stack(0x0000000028b20000,0x0000000028c20000)]
  0x0000000021199800 JavaThread "jar transforms Thread 47" [_thread_blocked, id=27640, stack(0x0000000028a20000,0x0000000028b20000)]
  0x0000000022aaa800 JavaThread "jar transforms Thread 46" [_thread_blocked, id=11088, stack(0x0000000028920000,0x0000000028a20000)]
  0x0000000022aab800 JavaThread "jar transforms Thread 45" [_thread_blocked, id=14892, stack(0x0000000028820000,0x0000000028920000)]
  0x0000000022aa8800 JavaThread "jar transforms Thread 44" [_thread_blocked, id=15788, stack(0x0000000028720000,0x0000000028820000)]
  0x0000000022aa9000 JavaThread "jar transforms Thread 43" [_thread_blocked, id=2060, stack(0x0000000028620000,0x0000000028720000)]
  0x0000000022aaa000 JavaThread "jar transforms Thread 42" [_thread_blocked, id=7008, stack(0x0000000028520000,0x0000000028620000)]
  0x0000000022aa7800 JavaThread "jar transforms Thread 41" [_thread_blocked, id=23976, stack(0x0000000028420000,0x0000000028520000)]
  0x0000000022aa0000 JavaThread "jar transforms Thread 40" [_thread_blocked, id=22212, stack(0x0000000028320000,0x0000000028420000)]
  0x0000000022aa7000 JavaThread "jar transforms Thread 39" [_thread_blocked, id=20672, stack(0x0000000028220000,0x0000000028320000)]
  0x0000000022aa6000 JavaThread "jar transforms Thread 38" [_thread_blocked, id=27356, stack(0x0000000028120000,0x0000000028220000)]
  0x0000000022a9e800 JavaThread "jar transforms Thread 37" [_thread_blocked, id=10916, stack(0x0000000028020000,0x0000000028120000)]
  0x0000000022aa2800 JavaThread "jar transforms Thread 36" [_thread_blocked, id=6548, stack(0x0000000027f20000,0x0000000028020000)]
  0x0000000022aa5800 JavaThread "jar transforms Thread 35" [_thread_blocked, id=23920, stack(0x0000000027e20000,0x0000000027f20000)]
  0x0000000022a9f800 JavaThread "jar transforms Thread 34" [_thread_blocked, id=25136, stack(0x0000000027d20000,0x0000000027e20000)]
  0x0000000022a9e000 JavaThread "jar transforms Thread 33" [_thread_blocked, id=14428, stack(0x0000000027c20000,0x0000000027d20000)]
  0x0000000022aa4800 JavaThread "jar transforms Thread 32" [_thread_blocked, id=10088, stack(0x0000000027b20000,0x0000000027c20000)]
  0x0000000022a9d000 JavaThread "jar transforms Thread 31" [_thread_blocked, id=12580, stack(0x0000000027a20000,0x0000000027b20000)]
  0x0000000022aa1800 JavaThread "jar transforms Thread 30" [_thread_blocked, id=23520, stack(0x0000000027920000,0x0000000027a20000)]
  0x0000000022aa1000 JavaThread "jar transforms Thread 29" [_thread_blocked, id=22472, stack(0x0000000027820000,0x0000000027920000)]
  0x0000000022aa4000 JavaThread "jar transforms Thread 28" [_thread_blocked, id=22176, stack(0x0000000027720000,0x0000000027820000)]
  0x0000000022a9c800 JavaThread "jar transforms Thread 27" [_thread_blocked, id=22020, stack(0x0000000027620000,0x0000000027720000)]
  0x0000000022aa3000 JavaThread "jar transforms Thread 26" [_thread_blocked, id=23960, stack(0x0000000027520000,0x0000000027620000)]
  0x0000000020fe9000 JavaThread "jar transforms Thread 25" [_thread_blocked, id=20204, stack(0x0000000027420000,0x0000000027520000)]
  0x0000000020fe8800 JavaThread "jar transforms Thread 24" [_thread_blocked, id=3844, stack(0x0000000027320000,0x0000000027420000)]
  0x0000000020fe7800 JavaThread "jar transforms Thread 23" [_thread_blocked, id=14356, stack(0x0000000027220000,0x0000000027320000)]
  0x0000000020fe7000 JavaThread "jar transforms Thread 22" [_thread_blocked, id=5880, stack(0x0000000027120000,0x0000000027220000)]
  0x0000000020fe6000 JavaThread "jar transforms Thread 21" [_thread_blocked, id=26140, stack(0x0000000027020000,0x0000000027120000)]
  0x0000000020fe5800 JavaThread "jar transforms Thread 20" [_thread_blocked, id=25876, stack(0x0000000026f20000,0x0000000027020000)]
  0x0000000020fe4800 JavaThread "jar transforms Thread 19" [_thread_blocked, id=26348, stack(0x0000000026e20000,0x0000000026f20000)]
  0x0000000020fdd000 JavaThread "jar transforms Thread 18" [_thread_blocked, id=5172, stack(0x0000000026d20000,0x0000000026e20000)]
  0x0000000020fe4000 JavaThread "jar transforms Thread 17" [_thread_blocked, id=13344, stack(0x0000000026c20000,0x0000000026d20000)]
  0x0000000020fdc800 JavaThread "jar transforms Thread 16" [_thread_blocked, id=600, stack(0x0000000026b20000,0x0000000026c20000)]
  0x0000000020fe3000 JavaThread "jar transforms Thread 15" [_thread_blocked, id=17272, stack(0x0000000026a20000,0x0000000026b20000)]
  0x0000000020fdb800 JavaThread "jar transforms Thread 14" [_thread_blocked, id=7080, stack(0x0000000026920000,0x0000000026a20000)]
  0x0000000020fe2800 JavaThread "jar transforms Thread 13" [_thread_blocked, id=13352, stack(0x0000000026820000,0x0000000026920000)]
  0x0000000020fe1800 JavaThread "jar transforms Thread 12" [_thread_blocked, id=19660, stack(0x0000000026720000,0x0000000026820000)]
  0x0000000020fde000 JavaThread "jar transforms Thread 11" [_thread_blocked, id=4576, stack(0x0000000026620000,0x0000000026720000)]
  0x0000000020fe0000 JavaThread "jar transforms Thread 10" [_thread_blocked, id=16080, stack(0x0000000026520000,0x0000000026620000)]
  0x0000000020fdf800 JavaThread "jar transforms Thread 9" [_thread_blocked, id=21120, stack(0x0000000026420000,0x0000000026520000)]
  0x0000000020fda000 JavaThread "jar transforms Thread 8" [_thread_blocked, id=1672, stack(0x0000000026320000,0x0000000026420000)]
  0x0000000020fde800 JavaThread "jar transforms Thread 7" [_thread_blocked, id=11824, stack(0x0000000026220000,0x0000000026320000)]
  0x0000000020fe1000 JavaThread "jar transforms Thread 6" [_thread_blocked, id=4200, stack(0x0000000026120000,0x0000000026220000)]
  0x0000000020fda800 JavaThread "jar transforms Thread 5" [_thread_blocked, id=2664, stack(0x0000000026020000,0x0000000026120000)]
  0x000000001d591000 JavaThread "jar transforms Thread 4" [_thread_blocked, id=27384, stack(0x0000000025f20000,0x0000000026020000)]
  0x000000001d58f800 JavaThread "jar transforms Thread 3" [_thread_blocked, id=12084, stack(0x0000000025e20000,0x0000000025f20000)]
  0x000000001d595800 JavaThread "jar transforms Thread 2" [_thread_blocked, id=11652, stack(0x0000000025d20000,0x0000000025e20000)]
  0x000000001d590000 JavaThread "Build operations Thread 12" [_thread_blocked, id=20320, stack(0x0000000025c20000,0x0000000025d20000)]
  0x000000001d594800 JavaThread "Build operations Thread 11" [_thread_blocked, id=16736, stack(0x0000000025b20000,0x0000000025c20000)]
  0x000000001d594000 JavaThread "Build operations Thread 10" [_thread_blocked, id=21996, stack(0x0000000025a20000,0x0000000025b20000)]
  0x000000001d592800 JavaThread "Build operations Thread 9" [_thread_blocked, id=16636, stack(0x0000000025920000,0x0000000025a20000)]
  0x000000001d593000 JavaThread "Build operations Thread 8" [_thread_blocked, id=10232, stack(0x0000000025820000,0x0000000025920000)]
  0x000000001d591800 JavaThread "Build operations Thread 7" [_thread_blocked, id=16268, stack(0x0000000025720000,0x0000000025820000)]
  0x000000001d58a000 JavaThread "Build operations Thread 6" [_thread_blocked, id=24140, stack(0x0000000025620000,0x0000000025720000)]
  0x000000001d58e800 JavaThread "Build operations Thread 5" [_thread_blocked, id=20248, stack(0x0000000025520000,0x0000000025620000)]
  0x000000001d587000 JavaThread "Build operations Thread 4" [_thread_blocked, id=16816, stack(0x0000000025420000,0x0000000025520000)]
  0x000000001d58e000 JavaThread "Build operations Thread 3" [_thread_blocked, id=13732, stack(0x0000000025320000,0x0000000025420000)]
  0x000000001d588800 JavaThread "Build operations Thread 2" [_thread_blocked, id=15892, stack(0x0000000025220000,0x0000000025320000)]
  0x000000001d586800 JavaThread "Build operations" [_thread_blocked, id=20840, stack(0x0000000025120000,0x0000000025220000)]
  0x000000001d21a000 JavaThread "Cache worker for file content cache (C:\Users\akros\.gradle\caches\6.5\fileContent)" [_thread_blocked, id=26860, stack(0x0000000023a50000,0x0000000023b50000)]
  0x000000001d219800 JavaThread "jar transforms" [_thread_blocked, id=26468, stack(0x0000000023950000,0x0000000023a50000)]
  0x000000001d217000 JavaThread "Cache worker for execution history cache (C:\Users\akros\.gradle\caches\6.5\executionHistory)" [_thread_blocked, id=17784, stack(0x0000000021e90000,0x0000000021f90000)]
  0x000000001d216800 JavaThread "Cache worker for cache directory md-rule (C:\Users\akros\.gradle\caches\6.5\md-rule)" [_thread_blocked, id=24052, stack(0x0000000021900000,0x0000000021a00000)]
  0x000000001d218800 JavaThread "Cache worker for cache directory md-supplier (C:\Users\akros\.gradle\caches\6.5\md-supplier)" [_thread_blocked, id=15440, stack(0x0000000021800000,0x0000000021900000)]
  0x000000001d215800 JavaThread "Cache worker for checksums cache (C:\Users\akros\Documents\Lottery_app\.gradle\checksums)" [_thread_blocked, id=14176, stack(0x0000000023250000,0x0000000023350000)]
  0x000000001d21c800 JavaThread "Cache worker for file hash cache (C:\Users\akros\Documents\Lottery_app\.gradle\6.5\fileHashes)" [_thread_blocked, id=27240, stack(0x0000000021ab0000,0x0000000021bb0000)]
  0x000000001d21b800 JavaThread "Cache worker for file hash cache (C:\Users\akros\.gradle\caches\6.5\fileHashes)" [_thread_blocked, id=20376, stack(0x000000001f560000,0x000000001f660000)]
  0x000000001d218000 JavaThread "File lock request listener" [_thread_in_native, id=13184, stack(0x000000001f460000,0x000000001f560000)]
  0x00000000198f6000 JavaThread "Cache worker for journal cache (C:\Users\akros\.gradle\caches\journal-1)" [_thread_blocked, id=21532, stack(0x000000001f360000,0x000000001f460000)]
  0x000000001d192000 JavaThread "Thread-9" [_thread_blocked, id=19644, stack(0x000000001f060000,0x000000001f160000)]
  0x000000001d120800 JavaThread "Stdin handler" [_thread_blocked, id=15612, stack(0x000000001ef60000,0x000000001f060000)]
  0x000000001d1d8800 JavaThread "Asynchronous log dispatcher for DefaultDaemonConnection: socket connection from /127.0.0.1:64591 to /127.0.0.1:64592" [_thread_blocked, id=15412, stack(0x000000001ee60000,0x000000001ef60000)]
  0x000000001d1df800 JavaThread "Daemon worker" [_thread_in_Java, id=13308, stack(0x000000001ed60000,0x000000001ee60000)]
  0x000000001d1df000 JavaThread "Cancel handler" [_thread_blocked, id=26692, stack(0x000000001ec60000,0x000000001ed60000)]
  0x000000001d10f000 JavaThread "Handler for socket connection from /127.0.0.1:64591 to /127.0.0.1:64592" [_thread_in_native, id=13576, stack(0x000000001e960000,0x000000001ea60000)]
  0x000000001d10d800 JavaThread "Daemon" [_thread_blocked, id=11456, stack(0x000000001e760000,0x000000001e860000)]
  0x000000001d102000 JavaThread "Daemon periodic checks" [_thread_blocked, id=19108, stack(0x000000001e660000,0x000000001e760000)]
  0x000000001d0e4800 JavaThread "Incoming local TCP Connector on port 64591" [_thread_in_native, id=2544, stack(0x000000001e420000,0x000000001e520000)]
  0x000000001d037000 JavaThread "Daemon health stats" [_thread_blocked, id=26716, stack(0x000000001dde0000,0x000000001dee0000)]
  0x000000001988e800 JavaThread "Service Thread" daemon [_thread_blocked, id=17780, stack(0x000000001b240000,0x000000001b340000)]
  0x000000001980c800 JavaThread "C1 CompilerThread3" daemon [_thread_blocked, id=15784, stack(0x000000001b140000,0x000000001b240000)]
  0x000000001980b800 JavaThread "C2 CompilerThread2" daemon [_thread_in_native, id=7132, stack(0x000000001b040000,0x000000001b140000)]
=>0x00000000197fd800 JavaThread "C2 CompilerThread1" daemon [_thread_in_native, id=26312, stack(0x000000001af40000,0x000000001b040000)]
  0x00000000197f6800 JavaThread "C2 CompilerThread0" daemon [_thread_blocked, id=1320, stack(0x000000001ae40000,0x000000001af40000)]
  0x00000000197f2800 JavaThread "Attach Listener" daemon [_thread_blocked, id=8100, stack(0x000000001ad40000,0x000000001ae40000)]
  0x00000000197f1000 JavaThread "Signal Dispatcher" daemon [_thread_blocked, id=24568, stack(0x000000001ac40000,0x000000001ad40000)]
  0x0000000002e9a000 JavaThread "Finalizer" daemon [_thread_blocked, id=5996, stack(0x000000001aa40000,0x000000001ab40000)]
  0x00000000197e3000 JavaThread "Reference Handler" daemon [_thread_blocked, id=308, stack(0x000000001a940000,0x000000001aa40000)]
  0x0000000002d9e800 JavaThread "main" [_thread_blocked, id=10032, stack(0x0000000002c10000,0x0000000002d10000)]

Other Threads:
  0x0000000018105800 VMThread [stack: 0x000000001a840000,0x000000001a940000] [id=23608]
  0x0000000019864800 WatcherThread [stack: 0x000000001b340000,0x000000001b440000] [id=10496]

VM state:not at safepoint (normal execution)

VM Mutex/Monitor currently owned by a thread: None

heap address: 0x0000000080000000, size: 2048 MB, Compressed Oops mode: 32-bit
Narrow klass base: 0x0000000000000000, Narrow klass shift: 3
Compressed class space size: 1073741824 Address: 0x0000000100000000

Heap:
 PSYoungGen      total 154624K, used 137861K [0x00000000d5580000, 0x00000000e0f00000, 0x0000000100000000)
  eden space 146944K, 88% used [0x00000000d5580000,0x00000000dd4f7ac0,0x00000000de500000)
  from space 7680K, 95% used [0x00000000e0780000,0x00000000e0ea9c90,0x00000000e0f00000)
  to   space 11264K, 0% used [0x00000000df900000,0x00000000df900000,0x00000000e0400000)
 ParOldGen       total 151552K, used 14641K [0x0000000080000000, 0x0000000089400000, 0x00000000d5580000)
  object space 151552K, 9% used [0x0000000080000000,0x0000000080e4c600,0x0000000089400000)
 Metaspace       used 50724K, capacity 52794K, committed 53160K, reserved 1095680K
  class space    used 6797K, capacity 7255K, committed 7344K, reserved 1048576K

Card table byte_map: [0x0000000012260000,0x0000000012670000] byte_map_base: 0x0000000011e60000

Marking Bits: (ParMarkBitMap*) 0x00000000590ef030
 Begin Bits: [0x0000000013320000, 0x0000000015320000)
 End Bits:   [0x0000000015320000, 0x0000000017320000)

Polling page: 0x0000000001370000

CodeCache: size=245760Kb used=15991Kb max_used=16004Kb free=229768Kb
 bounds [0x0000000002ea0000, 0x0000000003e50000, 0x0000000011ea0000]
 total_blobs=5334 nmethods=4574 adapters=673
 compilation: enabled

Compilation events (10 events):
Event: 7.584 Thread 0x000000001980c800 4612       3       groovy.lang.MetaClassImpl$Index::put (10 bytes)
Event: 7.585 Thread 0x000000001980c800 nmethod 4612 0x0000000003e3ae50 code [0x0000000003e3afc0, 0x0000000003e3b1e8]
Event: 7.586 Thread 0x00000000197f6800 nmethod 4606 0x0000000003e22f50 code [0x0000000003e23080, 0x0000000003e23158]
Event: 7.586 Thread 0x00000000197f6800 4607       4       java.lang.reflect.Method::getGenericParameterTypes (5 bytes)
Event: 7.587 Thread 0x000000001980c800 4613       3       java.util.ComparableTimSort::countRunAndMakeAscending (123 bytes)
Event: 7.587 Thread 0x000000001980c800 nmethod 4613 0x0000000003e45290 code [0x0000000003e454a0, 0x0000000003e46248]
Event: 7.593 Thread 0x000000001980c800 4614       3       org.codehaus.groovy.util.FastArray::set (8 bytes)
Event: 7.593 Thread 0x000000001980c800 nmethod 4614 0x0000000003e40e10 code [0x0000000003e40f80, 0x0000000003e41230]
Event: 7.593 Thread 0x000000001980c800 4615       3       java.util.Arrays::sort (37 bytes)
Event: 7.593 Thread 0x000000001980c800 nmethod 4615 0x0000000003e40750 code [0x0000000003e408e0, 0x0000000003e40c78]

GC Heap History (10 events):
Event: 3.788 GC heap before
{Heap before GC invocations=6 (full 1):
 PSYoungGen      total 75776K, used 65024K [0x00000000d5580000, 0x00000000de980000, 0x0000000100000000)
  eden space 65024K, 100% used [0x00000000d5580000,0x00000000d9500000,0x00000000d9500000)
  from space 10752K, 0% used [0x00000000d9f80000,0x00000000d9f80000,0x00000000daa00000)
  to   space 10752K, 0% used [0x00000000d9500000,0x00000000d9500000,0x00000000d9f80000)
 ParOldGen       total 96768K, used 7300K [0x0000000080000000, 0x0000000085e80000, 0x00000000d5580000)
  object space 96768K, 7% used [0x0000000080000000,0x0000000080721368,0x0000000085e80000)
 Metaspace       used 28592K, capacity 29444K, committed 29616K, reserved 1075200K
  class space    used 3964K, capacity 4188K, committed 4272K, reserved 1048576K
Event: 3.792 GC heap after
Heap after GC invocations=6 (full 1):
 PSYoungGen      total 75776K, used 8247K [0x00000000d5580000, 0x00000000dd280000, 0x0000000100000000)
  eden space 65024K, 0% used [0x00000000d5580000,0x00000000d5580000,0x00000000d9500000)
  from space 10752K, 76% used [0x00000000d9500000,0x00000000d9d0dff8,0x00000000d9f80000)
  to   space 11776K, 0% used [0x00000000dc700000,0x00000000dc700000,0x00000000dd280000)
 ParOldGen       total 96768K, used 7308K [0x0000000080000000, 0x0000000085e80000, 0x00000000d5580000)
  object space 96768K, 7% used [0x0000000080000000,0x0000000080723368,0x0000000085e80000)
 Metaspace       used 28592K, capacity 29444K, committed 29616K, reserved 1075200K
  class space    used 3964K, capacity 4188K, committed 4272K, reserved 1048576K
}
Event: 4.213 GC heap before
{Heap before GC invocations=7 (full 1):
 PSYoungGen      total 75776K, used 73271K [0x00000000d5580000, 0x00000000dd280000, 0x0000000100000000)
  eden space 65024K, 100% used [0x00000000d5580000,0x00000000d9500000,0x00000000d9500000)
  from space 10752K, 76% used [0x00000000d9500000,0x00000000d9d0dff8,0x00000000d9f80000)
  to   space 11776K, 0% used [0x00000000dc700000,0x00000000dc700000,0x00000000dd280000)
 ParOldGen       total 96768K, used 7308K [0x0000000080000000, 0x0000000085e80000, 0x00000000d5580000)
  object space 96768K, 7% used [0x0000000080000000,0x0000000080723368,0x0000000085e80000)
 Metaspace       used 32743K, capacity 33738K, committed 33968K, reserved 1079296K
  class space    used 4480K, capacity 4751K, committed 4784K, reserved 1048576K
Event: 4.218 GC heap after
Heap after GC invocations=7 (full 1):
 PSYoungGen      total 115200K, used 9223K [0x00000000d5580000, 0x00000000dd200000, 0x0000000100000000)
  eden space 103936K, 0% used [0x00000000d5580000,0x00000000d5580000,0x00000000dbb00000)
  from space 11264K, 81% used [0x00000000dc700000,0x00000000dd001c48,0x00000000dd200000)
  to   space 11776K, 0% used [0x00000000dbb00000,0x00000000dbb00000,0x00000000dc680000)
 ParOldGen       total 96768K, used 7316K [0x0000000080000000, 0x0000000085e80000, 0x00000000d5580000)
  object space 96768K, 7% used [0x0000000080000000,0x0000000080725368,0x0000000085e80000)
 Metaspace       used 32743K, capacity 33738K, committed 33968K, reserved 1079296K
  class space    used 4480K, capacity 4751K, committed 4784K, reserved 1048576K
}
Event: 4.404 GC heap before
{Heap before GC invocations=8 (full 1):
 PSYoungGen      total 115200K, used 42515K [0x00000000d5580000, 0x00000000dd200000, 0x0000000100000000)
  eden space 103936K, 32% used [0x00000000d5580000,0x00000000d7603010,0x00000000dbb00000)
  from space 11264K, 81% used [0x00000000dc700000,0x00000000dd001c48,0x00000000dd200000)
  to   space 11776K, 0% used [0x00000000dbb00000,0x00000000dbb00000,0x00000000dc680000)
 ParOldGen       total 96768K, used 7316K [0x0000000080000000, 0x0000000085e80000, 0x00000000d5580000)
  object space 96768K, 7% used [0x0000000080000000,0x0000000080725368,0x0000000085e80000)
 Metaspace       used 34337K, capacity 35420K, committed 35496K, reserved 1079296K
  class space    used 4731K, capacity 5003K, committed 5040K, reserved 1048576K
Event: 4.409 GC heap after
Heap after GC invocations=8 (full 1):
 PSYoungGen      total 115712K, used 8268K [0x00000000d5580000, 0x00000000e1280000, 0x0000000100000000)
  eden space 103936K, 0% used [0x00000000d5580000,0x00000000d5580000,0x00000000dbb00000)
  from space 11776K, 70% used [0x00000000dbb00000,0x00000000dc313058,0x00000000dc680000)
  to   space 11264K, 0% used [0x00000000e0780000,0x00000000e0780000,0x00000000e1280000)
 ParOldGen       total 96768K, used 7324K [0x0000000080000000, 0x0000000085e80000, 0x00000000d5580000)
  object space 96768K, 7% used [0x0000000080000000,0x0000000080727368,0x0000000085e80000)
 Metaspace       used 34337K, capacity 35420K, committed 35496K, reserved 1079296K
  class space    used 4731K, capacity 5003K, committed 5040K, reserved 1048576K
}
Event: 4.409 GC heap before
{Heap before GC invocations=9 (full 2):
 PSYoungGen      total 115712K, used 8268K [0x00000000d5580000, 0x00000000e1280000, 0x0000000100000000)
  eden space 103936K, 0% used [0x00000000d5580000,0x00000000d5580000,0x00000000dbb00000)
  from space 11776K, 70% used [0x00000000dbb00000,0x00000000dc313058,0x00000000dc680000)
  to   space 11264K, 0% used [0x00000000e0780000,0x00000000e0780000,0x00000000e1280000)
 ParOldGen       total 96768K, used 7324K [0x0000000080000000, 0x0000000085e80000, 0x00000000d5580000)
  object space 96768K, 7% used [0x0000000080000000,0x0000000080727368,0x0000000085e80000)
 Metaspace       used 34337K, capacity 35420K, committed 35496K, reserved 1079296K
  class space    used 4731K, capacity 5003K, committed 5040K, reserved 1048576K
Event: 4.467 GC heap after
Heap after GC invocations=9 (full 2):
 PSYoungGen      total 115712K, used 0K [0x00000000d5580000, 0x00000000e1280000, 0x0000000100000000)
  eden space 103936K, 0% used [0x00000000d5580000,0x00000000d5580000,0x00000000dbb00000)
  from space 11776K, 0% used [0x00000000dbb00000,0x00000000dbb00000,0x00000000dc680000)
  to   space 11264K, 0% used [0x00000000e0780000,0x00000000e0780000,0x00000000e1280000)
 ParOldGen       total 151552K, used 14633K [0x0000000080000000, 0x0000000089400000, 0x00000000d5580000)
  object space 151552K, 9% used [0x0000000080000000,0x0000000080e4a600,0x0000000089400000)
 Metaspace       used 34337K, capacity 35420K, committed 35496K, reserved 1079296K
  class space    used 4731K, capacity 5003K, committed 5040K, reserved 1048576K
}
Event: 6.085 GC heap before
{Heap before GC invocations=10 (full 2):
 PSYoungGen      total 115712K, used 103936K [0x00000000d5580000, 0x00000000e1280000, 0x0000000100000000)
  eden space 103936K, 100% used [0x00000000d5580000,0x00000000dbb00000,0x00000000dbb00000)
  from space 11776K, 0% used [0x00000000dbb00000,0x00000000dbb00000,0x00000000dc680000)
  to   space 11264K, 0% used [0x00000000e0780000,0x00000000e0780000,0x00000000e1280000)
 ParOldGen       total 151552K, used 14633K [0x0000000080000000, 0x0000000089400000, 0x00000000d5580000)
  object space 151552K, 9% used [0x0000000080000000,0x0000000080e4a600,0x0000000089400000)
 Metaspace       used 37743K, capacity 39466K, committed 39720K, reserved 1083392K
  class space    used 5227K, capacity 5593K, committed 5680K, reserved 1048576K
Event: 6.091 GC heap after
Heap after GC invocations=10 (full 2):
 PSYoungGen      total 154624K, used 7335K [0x00000000d5580000, 0x00000000e0f00000, 0x0000000100000000)
  eden space 146944K, 0% used [0x00000000d5580000,0x00000000d5580000,0x00000000de500000)
  from space 7680K, 95% used [0x00000000e0780000,0x00000000e0ea9c90,0x00000000e0f00000)
  to   space 11264K, 0% used [0x00000000df900000,0x00000000df900000,0x00000000e0400000)
 ParOldGen       total 151552K, used 14641K [0x0000000080000000, 0x0000000089400000, 0x00000000d5580000)
  object space 151552K, 9% used [0x0000000080000000,0x0000000080e4c600,0x0000000089400000)
 Metaspace       used 37743K, capacity 39466K, committed 39720K, reserved 1083392K
  class space    used 5227K, capacity 5593K, committed 5680K, reserved 1048576K
}

Deoptimization events (10 events):
Event: 6.874 Thread 0x000000001d1df800 Uncommon trap: reason=unstable_if action=reinterpret pc=0x0000000003873cb8 method=java.util.LinkedHashMap.get(Ljava/lang/Object;)Ljava/lang/Object; @ 20
Event: 6.983 Thread 0x000000001d1df800 Uncommon trap: reason=bimorphic action=maybe_recompile pc=0x0000000003a57fb8 method=java.util.regex.Pattern$CharProperty.match(Ljava/util/regex/Matcher;ILjava/lang/CharSequence;)Z @ 18
Event: 6.983 Thread 0x000000001d1df800 Uncommon trap: reason=bimorphic action=maybe_recompile pc=0x0000000003a57fb8 method=java.util.regex.Pattern$CharProperty.match(Ljava/util/regex/Matcher;ILjava/lang/CharSequence;)Z @ 18
Event: 6.983 Thread 0x000000001d1df800 Uncommon trap: reason=bimorphic action=maybe_recompile pc=0x0000000003a57fb8 method=java.util.regex.Pattern$CharProperty.match(Ljava/util/regex/Matcher;ILjava/lang/CharSequence;)Z @ 18
Event: 7.020 Thread 0x000000001d1df800 Uncommon trap: reason=bimorphic action=maybe_recompile pc=0x0000000003a57fb8 method=java.util.regex.Pattern$CharProperty.match(Ljava/util/regex/Matcher;ILjava/lang/CharSequence;)Z @ 18
Event: 7.131 Thread 0x000000001d1df800 Uncommon trap: reason=unstable_if action=reinterpret pc=0x00000000038e0530 method=org.gradle.internal.reflect.PropertyAccessorType.of(Ljava/lang/reflect/Method;)Lorg/gradle/internal/reflect/PropertyAccessorType; @ 56
Event: 7.458 Thread 0x000000001d1df800 Uncommon trap: reason=unstable_if action=reinterpret pc=0x0000000003d9fdf4 method=com.sun.org.apache.xerces.internal.impl.XMLEntityScanner.checkBeforeLoad(Lcom/sun/xml/internal/stream/Entity$ScannedEntity;II)I @ 18
Event: 7.513 Thread 0x000000001d1df800 Uncommon trap: reason=unstable_if action=reinterpret pc=0x0000000003bd25b0 method=org.gradle.internal.instantiation.generator.AbstractClassGenerator$InjectionAnnotationValidator.validateMethod(Ljava/lang/reflect/Method;Lorg/gradle/internal/reflect/Propert
Event: 7.513 Thread 0x000000001d1df800 Uncommon trap: reason=unstable_if action=reinterpret pc=0x0000000003be9e44 method=org.gradle.internal.instantiation.generator.AbstractClassGenerator$InjectionAnnotationValidator.validateMethod(Ljava/lang/reflect/Method;Lorg/gradle/internal/reflect/Propert
Event: 7.567 Thread 0x000000001d1df800 Uncommon trap: reason=null_check action=make_not_entrant pc=0x000000000365b4d0 method=java.lang.Class.searchMethods([Ljava/lang/reflect/Method;Ljava/lang/String;[Ljava/lang/Class;)Ljava/lang/reflect/Method; @ 59

Classes redefined (0 events):
No events

Internal exceptions (10 events):
Event: 7.574 Thread 0x000000001d1df800 Exception <a 'java/lang/ClassNotFoundException': com/android/build/gradle/internal/dsl/BaseFlavorBeanInfo> (0x00000000dcdb48d0) thrown at [C:\src\AOSP-openjdk-git\hotspot\src\share\vm\classfile\systemDictionary.cpp, line 210]
Event: 7.575 Thread 0x000000001d1df800 Exception <a 'java/lang/ClassNotFoundException': com/android/builder/core/AbstractProductFlavorBeanInfo> (0x00000000dcdcf198) thrown at [C:\src\AOSP-openjdk-git\hotspot\src\share\vm\classfile\systemDictionary.cpp, line 210]
Event: 7.575 Thread 0x000000001d1df800 Exception <a 'java/lang/ClassNotFoundException': com/android/builder/internal/BaseConfigImplBeanInfo> (0x00000000dcde9390) thrown at [C:\src\AOSP-openjdk-git\hotspot\src\share\vm\classfile\systemDictionary.cpp, line 210]
Event: 7.575 Thread 0x000000001d1df800 Exception <a 'java/lang/ClassNotFoundException': com/android/builder/internal/BaseConfigImplCustomizer> (0x00000000dce03b68) thrown at [C:\src\AOSP-openjdk-git\hotspot\src\share\vm\classfile\systemDictionary.cpp, line 210]
Event: 7.576 Thread 0x000000001d1df800 Exception <a 'java/lang/ClassNotFoundException': com/android/builder/core/AbstractProductFlavorCustomizer> (0x00000000dce515d0) thrown at [C:\src\AOSP-openjdk-git\hotspot\src\share\vm\classfile\systemDictionary.cpp, line 210]
Event: 7.577 Thread 0x000000001d1df800 Exception <a 'java/lang/ClassNotFoundException': com/android/build/gradle/internal/dsl/BaseFlavorCustomizer> (0x00000000dcec0298) thrown at [C:\src\AOSP-openjdk-git\hotspot\src\share\vm\classfile\systemDictionary.cpp, line 210]
Event: 7.579 Thread 0x000000001d1df800 Exception <a 'java/lang/ClassNotFoundException': com/android/build/gradle/internal/dsl/DefaultConfigCustomizer> (0x00000000dcf6e670) thrown at [C:\src\AOSP-openjdk-git\hotspot\src\share\vm\classfile\systemDictionary.cpp, line 210]
Event: 7.580 Thread 0x000000001d1df800 Exception <a 'java/lang/ClassNotFoundException': com/android/build/gradle/internal/dsl/DefaultConfig_DecoratedCustomizer> (0x00000000dcfadc40) thrown at [C:\src\AOSP-openjdk-git\hotspot\src\share\vm\classfile\systemDictionary.cpp, line 210]
Event: 7.589 Thread 0x000000001d1df800 Exception <a 'java/lang/ClassNotFoundException': org/gradle/api/internal/NamedDomainObjectContainerConfigureDelegateBeanInfo> (0x00000000dd14bd08) thrown at [C:\src\AOSP-openjdk-git\hotspot\src\share\vm\classfile\systemDictionary.cpp, line 210]
Event: 7.590 Thread 0x000000001d1df800 Exception <a 'java/lang/ClassNotFoundException': org/gradle/api/internal/NamedDomainObjectContainerConfigureDelegateCustomizer> (0x00000000dd194f20) thrown at [C:\src\AOSP-openjdk-git\hotspot\src\share\vm\classfile\systemDictionary.cpp, line 210]

Events (10 events):
Event: 7.589 loading class org/gradle/api/internal/NamedDomainObjectContainerConfigureDelegateCustomizer
Event: 7.589 loading class org/gradle/api/internal/NamedDomainObjectContainerConfigureDelegateCustomizer done
Event: 7.589 loading class org/gradle/api/internal/NamedDomainObjectContainerConfigureDelegateCustomizer
Event: 7.589 loading class org/gradle/api/internal/NamedDomainObjectContainerConfigureDelegateCustomizer done
Event: 7.590 loading class org/gradle/api/internal/NamedDomainObjectContainerConfigureDelegateCustomizer
Event: 7.590 loading class org/gradle/api/internal/NamedDomainObjectContainerConfigureDelegateCustomizer done
Event: 7.591 loading class groovy/runtime/metaclass/build_1kckz32h5pqq9iczt96xi95ru$_run_closure1$_closure4$_closure6MetaClass
Event: 7.591 loading class groovy/runtime/metaclass/build_1kckz32h5pqq9iczt96xi95ru$_run_closure1$_closure4$_closure6MetaClass done
Event: 7.591 loading class groovy/runtime/metaclass/org/gradle/api/internal/FactoryNamedDomainObjectContainer_DecoratedMetaClass
Event: 7.591 loading class groovy/runtime/metaclass/org/gradle/api/internal/FactoryNamedDomainObjectContainer_DecoratedMetaClass done


Dynamic libraries:
0x00007ff7ee910000 - 0x00007ff7ee941000 	C:\Program Files\Android\Android Studio\jre\bin\java.exe
0x00007ffca7d10000 - 0x00007ffca7f05000 	C:\Windows\SYSTEM32\ntdll.dll
0x00007ffca78b0000 - 0x00007ffca796d000 	C:\Windows\System32\KERNEL32.DLL
0x00007ffca55e0000 - 0x00007ffca58a8000 	C:\Windows\System32\KERNELBASE.dll
0x00007ffca6ef0000 - 0x00007ffca6f9c000 	C:\Windows\System32\ADVAPI32.dll
0x00007ffca5d70000 - 0x00007ffca5e0e000 	C:\Windows\System32\msvcrt.dll
0x00007ffca6aa0000 - 0x00007ffca6b3b000 	C:\Windows\System32\sechost.dll
0x00007ffca6960000 - 0x00007ffca6a8b000 	C:\Windows\System32\RPCRT4.dll
0x00007ffca6b40000 - 0x00007ffca6ce0000 	C:\Windows\System32\USER32.dll
0x00007ffca58b0000 - 0x00007ffca58d2000 	C:\Windows\System32\win32u.dll
0x00007ffca79d0000 - 0x00007ffca79fa000 	C:\Windows\System32\GDI32.dll
0x00007ffca5450000 - 0x00007ffca555b000 	C:\Windows\System32\gdi32full.dll
0x00007ffca59e0000 - 0x00007ffca5a7d000 	C:\Windows\System32\msvcp_win.dll
0x00007ffca5a80000 - 0x00007ffca5b80000 	C:\Windows\System32\ucrtbase.dll
0x00007ffc9b020000 - 0x00007ffc9b2ba000 	C:\Windows\WinSxS\amd64_microsoft.windows.common-controls_6595b64144ccf1df_6.0.19041.844_none_ca00b6081b84eb1d\COMCTL32.dll
0x00007ffca5e70000 - 0x00007ffca5ea0000 	C:\Windows\System32\IMM32.DLL
0x000000005a570000 - 0x000000005a642000 	C:\Program Files\Android\Android Studio\jre\jre\bin\msvcr100.dll
0x0000000058920000 - 0x000000005916b000 	C:\Program Files\Android\Android Studio\jre\jre\bin\server\jvm.dll
0x00007ffca7cc0000 - 0x00007ffca7cc8000 	C:\Windows\System32\PSAPI.DLL
0x00007ffc89080000 - 0x00007ffc89089000 	C:\Windows\SYSTEM32\WSOCK32.dll
0x00007ffc9b350000 - 0x00007ffc9b35a000 	C:\Windows\SYSTEM32\VERSION.dll
0x00007ffc97570000 - 0x00007ffc97597000 	C:\Windows\SYSTEM32\WINMM.dll
0x00007ffca7bd0000 - 0x00007ffca7c3b000 	C:\Windows\System32\WS2_32.dll
0x00007ffc978b0000 - 0x00007ffc978bf000 	C:\Program Files\Android\Android Studio\jre\jre\bin\verify.dll
0x00007ffc6d820000 - 0x00007ffc6d849000 	C:\Program Files\Android\Android Studio\jre\jre\bin\java.dll
0x00007ffc6e7a0000 - 0x00007ffc6e7b6000 	C:\Program Files\Android\Android Studio\jre\jre\bin\zip.dll
0x00007ffca7050000 - 0x00007ffca7792000 	C:\Windows\System32\SHELL32.dll
0x00007ffca3290000 - 0x00007ffca3a21000 	C:\Windows\SYSTEM32\windows.storage.dll
0x00007ffca5f00000 - 0x00007ffca6255000 	C:\Windows\System32\combase.dll
0x00007ffca4ec0000 - 0x00007ffca4eec000 	C:\Windows\SYSTEM32\Wldp.dll
0x00007ffca7a00000 - 0x00007ffca7aae000 	C:\Windows\System32\SHCORE.dll
0x00007ffca7c40000 - 0x00007ffca7c95000 	C:\Windows\System32\shlwapi.dll
0x00007ffca5390000 - 0x00007ffca53af000 	C:\Windows\SYSTEM32\profapi.dll
0x00007ffc68b40000 - 0x00007ffc68b5a000 	C:\Program Files\Android\Android Studio\jre\jre\bin\net.dll
0x00007ffca4c30000 - 0x00007ffca4c9a000 	C:\Windows\system32\mswsock.dll
0x00007ffc68ab0000 - 0x00007ffc68ac3000 	C:\Program Files\Android\Android Studio\jre\jre\bin\nio.dll
0x00007ffc94730000 - 0x00007ffc94757000 	C:\Users\akros\.gradle\native\f6784746aeab05261644944871eae4fe03e0ef1612fff0a4a95f87b438bc6780\windows-amd64\native-platform.dll
0x00007ffc93c00000 - 0x00007ffc93c0d000 	C:\Program Files\Android\Android Studio\jre\jre\bin\management.dll
0x00007ffca4e00000 - 0x00007ffca4e18000 	C:\Windows\SYSTEM32\CRYPTSP.dll
0x00007ffca4560000 - 0x00007ffca4594000 	C:\Windows\system32\rsaenh.dll
0x00007ffca5be0000 - 0x00007ffca5c07000 	C:\Windows\System32\bcrypt.dll
0x00007ffca5350000 - 0x00007ffca537e000 	C:\Windows\SYSTEM32\USERENV.dll
0x00007ffca5560000 - 0x00007ffca55e0000 	C:\Windows\System32\bcryptprimitives.dll
0x00007ffca4e20000 - 0x00007ffca4e2c000 	C:\Windows\SYSTEM32\CRYPTBASE.dll
0x00007ffca48d0000 - 0x00007ffca490b000 	C:\Windows\SYSTEM32\IPHLPAPI.DLL
0x00007ffca6ee0000 - 0x00007ffca6ee8000 	C:\Windows\System32\NSI.dll
0x00007ffc9b390000 - 0x00007ffc9b3a7000 	C:\Windows\SYSTEM32\dhcpcsvc6.DLL
0x00007ffc9b4a0000 - 0x00007ffc9b4bd000 	C:\Windows\SYSTEM32\dhcpcsvc.DLL
0x00007ffca4920000 - 0x00007ffca49ec000 	C:\Windows\SYSTEM32\DNSAPI.dll
0x00007ffc9ccc0000 - 0x00007ffc9cccb000 	C:\Windows\SYSTEM32\WINNSI.DLL

VM Arguments:
jvm_args: -Xmx2048m -Dfile.encoding=UTF-8 -Duser.country=CA -Duser.language=en -Duser.variant 
java_command: org.gradle.launcher.daemon.bootstrap.GradleDaemon 6.5
java_class_path (initial): C:\Users\akros\.gradle\wrapper\dists\gradle-6.5-bin\6nifqtx7604sqp1q6g8wikw7p\gradle-6.5\lib\gradle-launcher-6.5.jar
Launcher Type: SUN_STANDARD

Environment Variables:
JAVA_HOME=C:\Program Files\Java\jdk1.8.0_281\bin
PATH=C:\oraclexe\app\oracle\product\11.2.0\server\bin;C:\Windows\system32;C:\Windows;C:\Windows\System32\Wbem;C:\Windows\System32\WindowsPowerShell\v1.0\;C:\Windows\System32\OpenSSH\;C:\Program Files (x86)\NVIDIA Corporation\PhysX\Common;C:\Program Files\NVIDIA Corporation\NVIDIA NvDLISR;C:\Program Files\Microsoft SQL Server\130\Tools\Binn\;C:\Program Files\Microsoft SQL Server\Client SDK\ODBC\170\Tools\Binn\;C:\Program Files\nodejs\;C:\Program Files\dotnet\;C:\Program Files\Git\cmd;C:\Program Files\ANT Files\apache-ant-1.9.15\bin;C:\Program Files (x86)\Microsoft SQL Server\150\DTS\Binn\;C:\Program Files\Azure Data Studio\bin;C:\Program Files (x86)\Microsoft SQL Server\150\Tools\Binn\;C:\Program Files\Microsoft SQL Server\150\Tools\Binn\;C:\Program Files\Microsoft SQL Server\150\DTS\Binn\;C:\Program Files\nodejs;C:\Users\akros\AppData\Local\Microsoft\WindowsApps;";C:\Program Files\Java\jdk1.8.0_281\bin";C:\Users\akros\AppData\Local\Programs\Microsoft VS Code\bin;C:\Users\akros\AppData\Roaming\npm;C:\Users\akros\.dotnet\tools;C:\Users\akros\AppData\Local\GitHubDesktop\bin;C:\Program Files\Azure Data Studio\bin
USERNAME=akros
OS=Windows_NT
PROCESSOR_IDENTIFIER=Intel64 Family 6 Model 165 Stepping 2, GenuineIntel



---------------  S Y S T E M  ---------------

OS: Windows 10.0 , 64 bit Build 19041 (10.0.19041.928)

CPU:total 12 (initial active 12) (6 cores per cpu, 2 threads per core) family 6 model 165 stepping 2, cmov, cx8, fxsr, mmx, sse, sse2, sse3, ssse3, sse4.1, sse4.2, popcnt, avx, avx2, aes, clmul, erms, 3dnowpref, lzcnt, ht, tsc, tscinvbit, bmi1, bmi2, adx

Memory: 4k page, physical 16557472k(2875792k free), swap 66889120k(796k free)

vm_info: OpenJDK 64-Bit Server VM (25.242-b01) for windows-amd64 JRE (1.8.0_242-release-1644-b01), built by "builder" with MS VC++ 10.0 (VS2010)

time: Tue Apr 27 09:21:00 2021
timezone: Eastern Daylight Time
elapsed time: 7 seconds (0d 0h 0m 7s)

